This is pdfTeX, Version 3.14159265-2.6-1.40.20 (TeX Live 2019/Debian) (preloaded format=pdflatex 2021.8.8)  8 AUG 2021 00:07
entering extended mode
 restricted \write18 enabled.
 %&-line parsing enabled.
**mk788_CO880_Project.tex
(./mk788_CO880_Project.tex
LaTeX2e <2020-02-02> patch level 2
L3 programming layer <2020-02-14>
(/usr/share/texlive/texmf-dist/tex/latex/base/report.cls
Document Class: report 2019/12/20 v1.4l Standard LaTeX document class
(/usr/share/texlive/texmf-dist/tex/latex/base/size10.clo
File: size10.clo 2019/12/20 v1.4l Standard LaTeX file (size option)
)
\c@part=\count167
\c@chapter=\count168
\c@section=\count169
\c@subsection=\count170
\c@subsubsection=\count171
\c@paragraph=\count172
\c@subparagraph=\count173
\c@figure=\count174
\c@table=\count175
\abovecaptionskip=\skip47
\belowcaptionskip=\skip48
\bibindent=\dimen134
)
(/usr/share/texlive/texmf-dist/tex/latex/l3backend/l3backend-pdfmode.def
File: l3backend-pdfmode.def 2020-02-03 L3 backend support: PDF mode
\l__kernel_color_stack_int=\count176
\l__pdf_internal_box=\box45
)
(./mk788_CO880_Project.aux)
\openout1 = `mk788_CO880_Project.aux'.

LaTeX Font Info:    Checking defaults for OML/cmm/m/it on input line 2.
LaTeX Font Info:    ... okay on input line 2.
LaTeX Font Info:    Checking defaults for OMS/cmsy/m/n on input line 2.
LaTeX Font Info:    ... okay on input line 2.
LaTeX Font Info:    Checking defaults for OT1/cmr/m/n on input line 2.
LaTeX Font Info:    ... okay on input line 2.
LaTeX Font Info:    Checking defaults for T1/cmr/m/n on input line 2.
LaTeX Font Info:    ... okay on input line 2.
LaTeX Font Info:    Checking defaults for TS1/cmr/m/n on input line 2.
LaTeX Font Info:    ... okay on input line 2.
LaTeX Font Info:    Checking defaults for OMX/cmex/m/n on input line 2.
LaTeX Font Info:    ... okay on input line 2.
LaTeX Font Info:    Checking defaults for U/cmr/m/n on input line 2.
LaTeX Font Info:    ... okay on input line 2.
LaTeX Font Info:    External font `cmex10' loaded for size
(Font)              <12> on input line 6.
LaTeX Font Info:    External font `cmex10' loaded for size
(Font)              <8> on input line 6.
LaTeX Font Info:    External font `cmex10' loaded for size
(Font)              <6> on input line 6.
 [1

{/var/lib/texmf/fonts/map/pdftex/updmap/pdftex.map}] [1

] (./mk788_CO880_Project.toc
LaTeX Font Info:    External font `cmex10' loaded for size
(Font)              <7> on input line 4.
LaTeX Font Info:    External font `cmex10' loaded for size
(Font)              <5> on input line 4.

Overfull \hbox (27.209pt too wide) in paragraph at lines 18--18
 \OT1/cmr/m/n/10 ent(DDPG),Advantage Ac-tor Critic(A2C), Soft Ac-tor Critic(SAC
) []  
 []

)
\tf@toc=\write3
\openout3 = `mk788_CO880_Project.toc'.

 [2

] (./mk788_CO880_Project.lof)
\tf@lof=\write4
\openout4 = `mk788_CO880_Project.lof'.

 [3

] (./mk788_CO880_Project.lot)
\tf@lot=\write5
\openout5 = `mk788_CO880_Project.lot'.

 [4

] [1]
Chapter 1.
[1

]
Chapter 2.
[2

]
Chapter 3.
[3

]
Chapter 4.
[4

]
Chapter 5.
[5

]
Chapter 6.

Overfull \hbox (3.58751pt too wide) in paragraph at lines 95--95
[]\OT1/cmr/bx/n/12 Comparison be-tween Deep De-ter-min-is-tic Pol-icy Gra-
 []


Overfull \hbox (8.27779pt too wide) in paragraph at lines 95--95
\OT1/cmr/bx/n/12 di-ent(DDPG),Advantage Ac-tor Critic(A2C), Soft Ac-
 []

[6

]
Chapter 7.
[7

]
Chapter 8.
(./mk788_CO880_Project.bbl [8

]) [9

] (./mk788_CO880_Project.aux) ) 
Here is how much of TeX's memory you used:
 453 strings out of 483183
 7475 string characters out of 5966293
 234602 words of memory out of 5000000
 15528 multiletter control sequences out of 15000+600000
 538151 words of font info for 43 fonts, out of 8000000 for 9000
 14 hyphenation exceptions out of 8191
 25i,6n,19p,257b,179s stack positions out of 5000i,500n,10000p,200000b,80000s
</usr/share/texlive/texmf-dist/fonts/type1/publi
c/amsfonts/cm/cmbx10.pfb></usr/share/texlive/texmf-dist/fonts/type1/public/amsf
onts/cm/cmbx12.pfb></usr/share/texlive/texmf-dist/fonts/type1/public/amsfonts/c
m/cmr10.pfb></usr/share/texlive/texmf-dist/fonts/type1/public/amsfonts/cm/cmr12
.pfb></usr/share/texlive/texmf-dist/fonts/type1/public/amsfonts/cm/cmr17.pfb></
usr/share/texlive/texmf-dist/fonts/type1/public/amsfonts/cm/cmti10.pfb>
Output written on mk788_CO880_Project.pdf (15 pages, 97948 bytes).
PDF statistics:
 77 PDF objects out of 1000 (max. 8388607)
 53 compressed objects within 1 object stream
 0 named destinations out of 1000 (max. 500000)
 1 words of extra memory for PDF output out of 10000 (max. 10000000)

